2025-02-28 12:51:09 INFO: Server running on port 3000 (IPv4). Socket.IO is available at /socket.io/
2025-02-28 12:51:13 INFO: HTTP upgrade request received
2025-02-28 12:51:13 INFO: Socket.IO client connected: cDX5MkoViWopZjAAAAAB
2025-02-28 12:51:13 INFO: User registered on socket: man3 (Socket ID: cDX5MkoViWopZjAAAAAB)
2025-02-28 12:53:12 INFO: User disconnected: man3
2025-02-28 12:53:55 INFO: HTTP upgrade request received
2025-02-28 12:53:55 INFO: Socket.IO client connected: hHDuKp_e9odDmf3CAAAD
2025-02-28 12:53:55 INFO: User registered on socket: man4 (Socket ID: hHDuKp_e9odDmf3CAAAD)
2025-02-28 12:54:37 INFO: HTTP upgrade request received
2025-02-28 12:54:37 INFO: Socket.IO client connected: bUvDxjvFgcsFST1bAAAF
2025-02-28 12:54:37 INFO: User registered on socket: man5 (Socket ID: bUvDxjvFgcsFST1bAAAF)
2025-02-28 12:54:53 INFO: Private message from man5 sent to man4
2025-02-28 12:55:03 INFO: Private message from man4 sent to man5
2025-02-28 12:55:19 INFO: Private message from man5 sent to man4
2025-02-28 12:55:29 INFO: Private message from man4 sent to man5
2025-02-28 12:55:45 INFO: User disconnected: man4
2025-02-28 13:03:08 INFO: User disconnected: man5
2025-02-28 13:03:21 INFO: HTTP upgrade request received
2025-02-28 13:03:21 INFO: Socket.IO client connected: 4ZIx0pN0PVyzhPrqAAAH
2025-02-28 13:03:21 INFO: User registered on socket: man6 (Socket ID: 4ZIx0pN0PVyzhPrqAAAH)
2025-02-28 13:04:32 INFO: HTTP upgrade request received
2025-02-28 13:04:32 INFO: Socket.IO client connected: LppfsPTOX98mUGbOAAAJ
2025-02-28 13:04:32 INFO: User registered on socket: man7 (Socket ID: LppfsPTOX98mUGbOAAAJ)
2025-02-28 13:04:45 INFO: Private message from man7 sent to man6
2025-02-28 13:04:55 INFO: Private message from man6 sent to man7
2025-02-28 13:05:11 INFO: User disconnected: man6
2025-02-28 13:11:12 INFO: HTTP upgrade request received
2025-02-28 13:11:12 INFO: Socket.IO client connected: ApCX1QFk8EyVHrLmAAAL
2025-02-28 13:11:12 INFO: User registered on socket: man8 (Socket ID: ApCX1QFk8EyVHrLmAAAL)
2025-02-28 13:11:24 INFO: User disconnected: man7
2025-02-28 13:12:16 INFO: HTTP upgrade request received
2025-02-28 13:12:16 INFO: Socket.IO client connected: bZ5ekHI-U4IemeN2AAAN
2025-02-28 13:12:17 INFO: User registered on socket: man9 (Socket ID: bZ5ekHI-U4IemeN2AAAN)
2025-02-28 13:12:35 INFO: Private message from man8 sent to man9
2025-02-28 13:12:45 INFO: Private message from man9 sent to man8
2025-02-28 13:13:36 INFO: Private message from man9 sent to man8
2025-02-28 13:14:06 INFO: Private message from man8 sent to man9
2025-02-28 13:18:01 INFO: User disconnected: man8
2025-02-28 13:18:21 INFO: User disconnected: man9
2025-02-28 13:18:40 INFO: HTTP upgrade request received
2025-02-28 13:18:40 INFO: Socket.IO client connected: mwpMHkiQFI-9bbf9AAAP
2025-02-28 13:18:40 INFO: User registered on socket: man10 (Socket ID: mwpMHkiQFI-9bbf9AAAP)
2025-02-28 13:19:25 INFO: HTTP upgrade request received
2025-02-28 13:19:25 INFO: Socket.IO client connected: 1wDBwmgza53BddO4AAAR
2025-02-28 13:19:25 INFO: User registered on socket: man11 (Socket ID: 1wDBwmgza53BddO4AAAR)
2025-02-28 13:19:38 INFO: Private message from man11 sent to man10
2025-02-28 13:19:47 INFO: Private message from man10 sent to man11
2025-02-28 13:20:02 INFO: Private message from man10 sent to man11
2025-02-28 13:48:21 INFO: Server running on port 3000 (IPv4). Socket.IO is available at /socket.io/
2025-02-28 13:48:21 INFO: HTTP upgrade request received
2025-02-28 13:48:21 INFO: Socket.IO client connected: C7pAuBncXase4iZSAAAB
2025-02-28 13:48:21 INFO: User registered on socket: man10 (Socket ID: C7pAuBncXase4iZSAAAB)
2025-02-28 13:48:26 INFO: HTTP upgrade request received
2025-02-28 13:48:26 INFO: Socket.IO client connected: ETl2QIkzmdtsQrCmAAAD
2025-02-28 13:48:26 INFO: User registered on socket: man11 (Socket ID: ETl2QIkzmdtsQrCmAAAD)
2025-02-28 13:50:20 INFO: HTTP upgrade request received
2025-02-28 13:50:20 INFO: Socket.IO client connected: 2b86RH-JUGzPKsWQAAAF
2025-02-28 13:50:20 INFO: User registered on socket: man10 (Socket ID: 2b86RH-JUGzPKsWQAAAF)
2025-02-28 13:50:21 INFO: User disconnected: man10
2025-02-28 13:50:53 INFO: HTTP upgrade request received
2025-02-28 13:50:53 INFO: Socket.IO client connected: 8qWKmL_s2HxmrQwOAAAH
2025-02-28 13:50:53 INFO: User registered on socket: man12 (Socket ID: 8qWKmL_s2HxmrQwOAAAH)
2025-02-28 13:51:08 INFO: User disconnected: man11
2025-02-28 13:52:05 INFO: HTTP upgrade request received
2025-02-28 13:52:05 INFO: Socket.IO client connected: a9N7YUV98N1I4E6kAAAJ
2025-02-28 13:52:05 INFO: User registered on socket: man13 (Socket ID: a9N7YUV98N1I4E6kAAAJ)
2025-02-28 13:52:21 INFO: Private message from man13 sent to man12
2025-02-28 13:52:34 INFO: Private message from man12 sent to man13
2025-02-28 13:52:49 INFO: Private message from man13 sent to man12
2025-02-28 13:52:56 INFO: Private message from man12 sent to man13
2025-02-28 13:58:26 INFO: User disconnected: man12
2025-02-28 14:03:44 INFO: User disconnected: man13
2025-02-28 14:03:56 INFO: HTTP upgrade request received
2025-02-28 14:03:56 INFO: Socket.IO client connected: yPq-HL4Zl-nRFQkvAAAL
2025-02-28 14:03:56 INFO: User registered on socket: man15 (Socket ID: yPq-HL4Zl-nRFQkvAAAL)
2025-02-28 14:04:45 INFO: HTTP upgrade request received
2025-02-28 14:04:45 INFO: Socket.IO client connected: AShPtGchWiZpoKr3AAAN
2025-02-28 14:04:45 INFO: User registered on socket: man16 (Socket ID: AShPtGchWiZpoKr3AAAN)
2025-02-28 14:05:00 INFO: Private message from man16 sent to man15
2025-02-28 14:05:13 INFO: Private message from man15 sent to man16
2025-02-28 14:09:17 INFO: User disconnected: man16
2025-02-28 14:11:28 INFO: User disconnected: man15
2025-02-28 14:11:59 INFO: HTTP upgrade request received
2025-02-28 14:11:59 INFO: Socket.IO client connected: N6FtiLSDf4kODGQSAAAP
2025-02-28 14:11:59 INFO: User registered on socket: man16 (Socket ID: N6FtiLSDf4kODGQSAAAP)
2025-02-28 14:12:37 INFO: User disconnected: man16
2025-02-28 14:14:03 INFO: HTTP upgrade request received
2025-02-28 14:14:04 INFO: Socket.IO client connected: vLE2gVgzaT9F0TwRAAAR
2025-02-28 14:14:04 INFO: User registered on socket: man18 (Socket ID: vLE2gVgzaT9F0TwRAAAR)
2025-02-28 14:14:57 INFO: HTTP upgrade request received
2025-02-28 14:14:57 INFO: Socket.IO client connected: WwzzG3n3zAv7HfDIAAAT
2025-02-28 14:14:57 INFO: User registered on socket: man19 (Socket ID: WwzzG3n3zAv7HfDIAAAT)
2025-02-28 14:15:09 INFO: Private message from man19 sent to man18
2025-02-28 14:15:19 INFO: Private message from man18 sent to man19
2025-02-28 14:18:19 INFO: HTTP upgrade request received
2025-02-28 14:18:19 INFO: Socket.IO client connected: YrLjpgD9L3Ek5HaYAAAV
2025-02-28 14:18:19 INFO: User registered on socket: man18 (Socket ID: YrLjpgD9L3Ek5HaYAAAV)
2025-02-28 14:18:20 INFO: User disconnected: man18
2025-02-28 14:18:35 INFO: User disconnected: man19
2025-02-28 14:18:51 INFO: HTTP upgrade request received
2025-02-28 14:18:51 INFO: Socket.IO client connected: G8oKHBUSyNaP4JRPAAAX
2025-02-28 14:18:51 INFO: User registered on socket: man20 (Socket ID: G8oKHBUSyNaP4JRPAAAX)
2025-02-28 14:19:44 INFO: HTTP upgrade request received
2025-02-28 14:19:44 INFO: Socket.IO client connected: vV6BUnobzZjPdxQkAAAZ
2025-02-28 14:19:44 INFO: User registered on socket: man21 (Socket ID: vV6BUnobzZjPdxQkAAAZ)
2025-02-28 14:19:55 INFO: Private message from man21 sent to man20
2025-02-28 14:20:04 INFO: Private message from man20 sent to man21
2025-02-28 14:20:11 INFO: Private message from man20 sent to man21
2025-02-28 14:34:03 INFO: User disconnected: man20
2025-02-28 14:37:34 INFO: User disconnected: man21
2025-02-28 15:02:12 INFO: Server running on port 3000 (IPv4). Socket.IO is available at /socket.io/
2025-02-28 15:02:19 INFO: HTTP upgrade request received
2025-02-28 15:02:19 INFO: Socket.IO client connected: ZtCyDTsm6qYUySWYAAAB
2025-02-28 15:02:20 INFO: User registered on socket: man25 (Socket ID: ZtCyDTsm6qYUySWYAAAB)
2025-02-28 15:03:39 INFO: HTTP upgrade request received
2025-02-28 15:03:39 INFO: Socket.IO client connected: d12BVUr7rQ7IQ-VVAAAD
2025-02-28 15:03:39 INFO: User registered on socket: man26 (Socket ID: d12BVUr7rQ7IQ-VVAAAD)
2025-02-28 15:03:54 INFO: Private message from man26 sent to man25
2025-02-28 15:04:03 INFO: Private message from man26 sent to man25
2025-02-28 15:04:16 INFO: Private message from man25 sent to man26
2025-02-28 15:04:18 INFO: Private message from man25 sent to man26
2025-02-28 15:15:53 INFO: User disconnected: man25
2025-02-28 15:21:15 INFO: HTTP upgrade request received
2025-02-28 15:21:15 INFO: Socket.IO client connected: 6K_h7Ooqcst-e8s1AAAF
2025-02-28 15:21:15 INFO: User registered on socket: man25 (Socket ID: 6K_h7Ooqcst-e8s1AAAF)
2025-02-28 15:21:16 INFO: User disconnected: man25
2025-02-28 15:30:57 INFO: User disconnected: man26
2025-02-28 15:35:04 INFO: HTTP upgrade request received
2025-02-28 15:35:05 INFO: HTTP upgrade request received
2025-02-28 15:35:05 INFO: Socket.IO client connected: 29QAvDeEKN7P8tPhAAAI
2025-02-28 15:35:05 INFO: User registered on socket: man25 (Socket ID: 29QAvDeEKN7P8tPhAAAI)
2025-02-28 15:35:11 INFO: User disconnected: man25
2025-02-28 15:39:33 INFO: Server running on port 3000 (IPv4). Socket.IO is available at /socket.io/
2025-02-28 15:53:19 INFO: Server running on port 3000 (IPv4). Socket.IO is available at /socket.io/
2025-02-28 16:03:44 INFO: HTTP upgrade request received
2025-02-28 16:03:44 INFO: Socket.IO client connected: Uzyz65ghYHcbAUJFAAAB
2025-02-28 16:03:44 INFO: User registered on socket: hw (Socket ID: Uzyz65ghYHcbAUJFAAAB)
2025-02-28 16:05:43 INFO: User disconnected: hw
2025-02-28 16:08:54 INFO: HTTP upgrade request received
2025-02-28 16:08:55 INFO: Socket.IO client connected: BRpzKxFBvNxCmnFvAAAD
2025-02-28 16:08:55 INFO: User registered on socket: hw (Socket ID: BRpzKxFBvNxCmnFvAAAD)
2025-02-28 16:10:05 INFO: User disconnected: hw
2025-02-28 16:15:02 INFO: HTTP upgrade request received
2025-02-28 16:15:02 INFO: Socket.IO client connected: vAlhZiOsLvYYQ8dEAAAF
2025-02-28 16:15:02 INFO: User registered on socket: man25 (Socket ID: vAlhZiOsLvYYQ8dEAAAF)
2025-02-28 16:15:47 INFO: User disconnected: man25
2025-02-28 16:18:21 INFO: HTTP upgrade request received
2025-02-28 16:18:23 INFO: HTTP upgrade request received
2025-02-28 16:18:23 INFO: Socket.IO client connected: rib-OshZSTsxN6pJAAAI
2025-02-28 16:18:23 INFO: User registered on socket: man25 (Socket ID: rib-OshZSTsxN6pJAAAI)
2025-02-28 16:18:48 INFO: HTTP upgrade request received
2025-02-28 16:27:30 INFO: User disconnected: man25
2025-02-28 16:30:47 INFO: HTTP upgrade request received
2025-02-28 16:30:47 INFO: Socket.IO client connected: pIM7lmnH-DVrgEebAAAL
2025-02-28 16:30:47 INFO: User registered on socket: hellsmane (Socket ID: pIM7lmnH-DVrgEebAAAL)
2025-02-28 16:31:57 INFO: User disconnected: hellsmane
2025-02-28 16:34:17 INFO: HTTP upgrade request received
2025-02-28 16:34:17 INFO: Socket.IO client connected: 7y4PBiIeHZs1vbdVAAAN
2025-02-28 16:34:17 INFO: User registered on socket: jp123 (Socket ID: 7y4PBiIeHZs1vbdVAAAN)
2025-02-28 16:34:32 INFO: User hellsmane not online.
2025-02-28 16:34:42 INFO: HTTP upgrade request received
2025-02-28 16:34:42 INFO: Socket.IO client connected: G1nsX78bcnpXMYufAAAP
2025-02-28 16:34:42 INFO: User registered on socket: hellsmane (Socket ID: G1nsX78bcnpXMYufAAAP)
2025-02-28 16:34:48 INFO: Private message from jp123 sent to hellsmane
2025-02-28 16:34:55 INFO: Private message from hellsmane sent to jp123
2025-02-28 16:34:59 INFO: Private message from jp123 sent to hellsmane
2025-02-28 16:35:02 INFO: Private message from hellsmane sent to jp123
2025-02-28 16:35:09 INFO: Private message from hellsmane sent to jp123
2025-02-28 16:37:29 INFO: Private message from hellsmane sent to jp123
2025-02-28 16:37:41 INFO: Private message from jp123 sent to hellsmane
2025-02-28 16:37:55 INFO: User disconnected: jp123
2025-02-28 16:39:02 INFO: User disconnected: hellsmane
2025-02-28 16:47:59 INFO: HTTP upgrade request received
2025-02-28 16:47:59 INFO: Socket.IO client connected: oViof4v31gIj5oN_AAAR
2025-02-28 16:47:59 INFO: User registered on socket: hellsmane (Socket ID: oViof4v31gIj5oN_AAAR)
2025-02-28 16:48:10 INFO: User jp123 not online.
2025-02-28 16:55:01 INFO: User disconnected: hellsmane
2025-02-28 16:55:45 INFO: HTTP upgrade request received
2025-02-28 16:55:46 INFO: Socket.IO client connected: w5X99xx2yHXna_EDAAAT
2025-02-28 16:55:46 INFO: User registered on socket: hellsmane (Socket ID: w5X99xx2yHXna_EDAAAT)
2025-02-28 16:57:21 INFO: User disconnected: hellsmane
2025-02-28 16:57:28 INFO: HTTP upgrade request received
2025-02-28 16:57:28 INFO: Socket.IO client connected: XOJd08FeQ3cY90VHAAAV
2025-02-28 16:57:28 INFO: User registered on socket: push (Socket ID: XOJd08FeQ3cY90VHAAAV)
2025-02-28 16:57:31 INFO: User disconnected: push
2025-02-28 16:57:38 INFO: HTTP upgrade request received
2025-02-28 16:57:38 INFO: Socket.IO client connected: q1avWCVt5XyDEBqaAAAX
2025-02-28 16:57:38 INFO: User registered on socket: push (Socket ID: q1avWCVt5XyDEBqaAAAX)
2025-02-28 16:58:17 INFO: User disconnected: push
2025-02-28 16:58:22 INFO: HTTP upgrade request received
2025-02-28 16:58:22 INFO: Socket.IO client connected: wVkFUf7kh2cItN1mAAAZ
2025-02-28 16:58:22 INFO: User registered on socket: push (Socket ID: wVkFUf7kh2cItN1mAAAZ)
2025-02-28 16:58:24 INFO: User hellsmane not online.
2025-02-28 16:58:25 INFO: HTTP upgrade request received
2025-02-28 16:58:25 INFO: Socket.IO client connected: Y-c-FWzOdJ0bk2IrAAAb
2025-02-28 16:58:25 INFO: User registered on socket: hellsmane (Socket ID: Y-c-FWzOdJ0bk2IrAAAb)
2025-02-28 16:58:33 INFO: User disconnected: hellsmane
2025-02-28 16:58:36 INFO: HTTP upgrade request received
2025-02-28 16:58:36 INFO: Socket.IO client connected: Hd5MkAFtAyj1h9ozAAAd
2025-02-28 16:58:36 INFO: User registered on socket: hellsmane (Socket ID: Hd5MkAFtAyj1h9ozAAAd)
2025-02-28 16:58:44 INFO: Private message from push sent to hellsmane
2025-02-28 16:59:32 INFO: User disconnected: push
2025-02-28 17:02:27 INFO: User disconnected: hellsmane
2025-02-28 17:02:32 INFO: HTTP upgrade request received
2025-02-28 17:02:32 INFO: Socket.IO client connected: yaxatyBH8F_IE9VRAAAf
2025-02-28 17:02:32 INFO: User registered on socket: hellsmane (Socket ID: yaxatyBH8F_IE9VRAAAf)
2025-02-28 17:06:38 INFO: User disconnected: hellsmane
2025-02-28 17:15:04 INFO: HTTP upgrade request received
2025-02-28 17:15:07 INFO: HTTP upgrade request received
2025-02-28 17:15:07 INFO: Socket.IO client connected: azzv4XJHOaxnzBppAAAi
2025-02-28 17:15:07 INFO: User registered on socket: hellsmane (Socket ID: azzv4XJHOaxnzBppAAAi)
2025-02-28 17:15:07 INFO: User disconnected: hellsmane
2025-02-28 17:30:05 INFO: HTTP upgrade request received
2025-02-28 17:30:08 INFO: HTTP upgrade request received
2025-02-28 17:30:08 INFO: Socket.IO client connected: cMUUOPLGw9iZJ_0ZAAAl
2025-02-28 17:30:08 INFO: User registered on socket: hellsmane (Socket ID: cMUUOPLGw9iZJ_0ZAAAl)
2025-02-28 17:30:31 INFO: HTTP upgrade request received
2025-02-28 17:31:05 INFO: User disconnected: hellsmane
2025-02-28 17:50:02 INFO: HTTP upgrade request received
2025-02-28 17:50:02 INFO: Socket.IO client connected: wh9hSR95ZfwFJvGMAAAo
2025-02-28 17:50:02 INFO: User registered on socket: hellsmane (Socket ID: wh9hSR95ZfwFJvGMAAAo)
2025-02-28 17:50:09 INFO: User disconnected: hellsmane
2025-03-01 02:31:04 INFO: HTTP upgrade request received
2025-03-01 02:31:04 INFO: Socket.IO client connected: 70Ybho15e_kf33apAAAq
2025-03-01 02:31:04 INFO: User registered on socket: hellsmane (Socket ID: 70Ybho15e_kf33apAAAq)
2025-03-01 02:31:42 INFO: HTTP upgrade request received
2025-03-01 02:35:02 INFO: User disconnected: hellsmane
2025-03-01 02:40:00 INFO: HTTP upgrade request received
2025-03-01 02:40:00 INFO: Socket.IO client connected: pC2sgvtDvM5xGx1FAAAt
2025-03-01 02:40:00 INFO: User registered on socket: hellsmane (Socket ID: pC2sgvtDvM5xGx1FAAAt)
2025-03-01 02:40:00 INFO: HTTP upgrade request received
2025-03-01 02:40:04 INFO: User disconnected: hellsmane
